CRITICAL - 2023-08-01 01:50:38 --> Undefined variable $events
in APPPATH\Views\landing_page.php on line 34.
 1 APPPATH\Views\landing_page.php(34): CodeIgniter\Debug\Exceptions->errorHandler(2, 'Undefined variable $events', 'C:\\xampp\\htdocs\\ProjectApp\\app\\Views\\landing_page.php', 34)
 2 SYSTEMPATH\View\View.php(224): include('C:\\xampp\\htdocs\\ProjectApp\\app\\Views\\landing_page.php')
 3 SYSTEMPATH\View\View.php(227): CodeIgniter\View\View->CodeIgniter\View\{closure}()
 4 SYSTEMPATH\Common.php(1180): CodeIgniter\View\View->render('landing_page', [], true)
 5 APPPATH\Controllers\Home.php(9): view('landing_page')
 6 SYSTEMPATH\CodeIgniter.php(932): App\Controllers\Home->index()
 7 SYSTEMPATH\CodeIgniter.php(497): CodeIgniter\CodeIgniter->runController(Object(App\Controllers\Home))
 8 SYSTEMPATH\CodeIgniter.php(366): CodeIgniter\CodeIgniter->handleRequest(null, Object(Config\Cache), false)
 9 FCPATH\index.php(67): CodeIgniter\CodeIgniter->run()
10 SYSTEMPATH\Commands\Server\rewrite.php(47): require_once('C:\\xampp\\htdocs\\ProjectApp\\public\\index.php')
CRITICAL - 2023-08-01 01:50:38 --> Undefined variable $events
in APPPATH\Views\landing_page.php on line 34.
 1 APPPATH\Views\landing_page.php(34): CodeIgniter\Debug\Exceptions->errorHandler(2, 'Undefined variable $events', 'C:\\xampp\\htdocs\\ProjectApp\\app\\Views\\landing_page.php', 34)
 2 SYSTEMPATH\View\View.php(224): include('C:\\xampp\\htdocs\\ProjectApp\\app\\Views\\landing_page.php')
 3 SYSTEMPATH\View\View.php(227): CodeIgniter\View\View->CodeIgniter\View\{closure}()
 4 SYSTEMPATH\Common.php(1180): CodeIgniter\View\View->render('landing_page', [], true)
 5 APPPATH\Controllers\Home.php(9): view('landing_page')
 6 SYSTEMPATH\CodeIgniter.php(932): App\Controllers\Home->index()
 7 SYSTEMPATH\CodeIgniter.php(497): CodeIgniter\CodeIgniter->runController(Object(App\Controllers\Home))
 8 SYSTEMPATH\CodeIgniter.php(366): CodeIgniter\CodeIgniter->handleRequest(null, Object(Config\Cache), false)
 9 FCPATH\index.php(67): CodeIgniter\CodeIgniter->run()
10 SYSTEMPATH\Commands\Server\rewrite.php(47): require_once('C:\\xampp\\htdocs\\ProjectApp\\public\\index.php')
CRITICAL - 2023-08-01 01:51:17 --> Undefined variable $events
in APPPATH\Views\landing_page.php on line 34.
 1 APPPATH\Views\landing_page.php(34): CodeIgniter\Debug\Exceptions->errorHandler(2, 'Undefined variable $events', 'C:\\xampp\\htdocs\\ProjectApp\\app\\Views\\landing_page.php', 34)
 2 SYSTEMPATH\View\View.php(224): include('C:\\xampp\\htdocs\\ProjectApp\\app\\Views\\landing_page.php')
 3 SYSTEMPATH\View\View.php(227): CodeIgniter\View\View->CodeIgniter\View\{closure}()
 4 SYSTEMPATH\Common.php(1180): CodeIgniter\View\View->render('landing_page', [], true)
 5 APPPATH\Controllers\Home.php(9): view('landing_page')
 6 SYSTEMPATH\CodeIgniter.php(932): App\Controllers\Home->index()
 7 SYSTEMPATH\CodeIgniter.php(497): CodeIgniter\CodeIgniter->runController(Object(App\Controllers\Home))
 8 SYSTEMPATH\CodeIgniter.php(366): CodeIgniter\CodeIgniter->handleRequest(null, Object(Config\Cache), false)
 9 FCPATH\index.php(67): CodeIgniter\CodeIgniter->run()
10 SYSTEMPATH\Commands\Server\rewrite.php(47): require_once('C:\\xampp\\htdocs\\ProjectApp\\public\\index.php')
CRITICAL - 2023-08-01 01:51:18 --> Undefined variable $events
in APPPATH\Views\landing_page.php on line 34.
 1 APPPATH\Views\landing_page.php(34): CodeIgniter\Debug\Exceptions->errorHandler(2, 'Undefined variable $events', 'C:\\xampp\\htdocs\\ProjectApp\\app\\Views\\landing_page.php', 34)
 2 SYSTEMPATH\View\View.php(224): include('C:\\xampp\\htdocs\\ProjectApp\\app\\Views\\landing_page.php')
 3 SYSTEMPATH\View\View.php(227): CodeIgniter\View\View->CodeIgniter\View\{closure}()
 4 SYSTEMPATH\Common.php(1180): CodeIgniter\View\View->render('landing_page', [], true)
 5 APPPATH\Controllers\Home.php(9): view('landing_page')
 6 SYSTEMPATH\CodeIgniter.php(932): App\Controllers\Home->index()
 7 SYSTEMPATH\CodeIgniter.php(497): CodeIgniter\CodeIgniter->runController(Object(App\Controllers\Home))
 8 SYSTEMPATH\CodeIgniter.php(366): CodeIgniter\CodeIgniter->handleRequest(null, Object(Config\Cache), false)
 9 FCPATH\index.php(67): CodeIgniter\CodeIgniter->run()
10 SYSTEMPATH\Commands\Server\rewrite.php(47): require_once('C:\\xampp\\htdocs\\ProjectApp\\public\\index.php')
CRITICAL - 2023-08-01 01:51:18 --> Undefined variable $events
in APPPATH\Views\landing_page.php on line 34.
 1 APPPATH\Views\landing_page.php(34): CodeIgniter\Debug\Exceptions->errorHandler(2, 'Undefined variable $events', 'C:\\xampp\\htdocs\\ProjectApp\\app\\Views\\landing_page.php', 34)
 2 SYSTEMPATH\View\View.php(224): include('C:\\xampp\\htdocs\\ProjectApp\\app\\Views\\landing_page.php')
 3 SYSTEMPATH\View\View.php(227): CodeIgniter\View\View->CodeIgniter\View\{closure}()
 4 SYSTEMPATH\Common.php(1180): CodeIgniter\View\View->render('landing_page', [], true)
 5 APPPATH\Controllers\Home.php(9): view('landing_page')
 6 SYSTEMPATH\CodeIgniter.php(932): App\Controllers\Home->index()
 7 SYSTEMPATH\CodeIgniter.php(497): CodeIgniter\CodeIgniter->runController(Object(App\Controllers\Home))
 8 SYSTEMPATH\CodeIgniter.php(366): CodeIgniter\CodeIgniter->handleRequest(null, Object(Config\Cache), false)
 9 FCPATH\index.php(67): CodeIgniter\CodeIgniter->run()
10 SYSTEMPATH\Commands\Server\rewrite.php(47): require_once('C:\\xampp\\htdocs\\ProjectApp\\public\\index.php')
CRITICAL - 2023-08-01 01:51:20 --> Undefined variable $events
in APPPATH\Views\landing_page.php on line 34.
 1 APPPATH\Views\landing_page.php(34): CodeIgniter\Debug\Exceptions->errorHandler(2, 'Undefined variable $events', 'C:\\xampp\\htdocs\\ProjectApp\\app\\Views\\landing_page.php', 34)
 2 SYSTEMPATH\View\View.php(224): include('C:\\xampp\\htdocs\\ProjectApp\\app\\Views\\landing_page.php')
 3 SYSTEMPATH\View\View.php(227): CodeIgniter\View\View->CodeIgniter\View\{closure}()
 4 SYSTEMPATH\Common.php(1180): CodeIgniter\View\View->render('landing_page', [], true)
 5 APPPATH\Controllers\Home.php(9): view('landing_page')
 6 SYSTEMPATH\CodeIgniter.php(932): App\Controllers\Home->index()
 7 SYSTEMPATH\CodeIgniter.php(497): CodeIgniter\CodeIgniter->runController(Object(App\Controllers\Home))
 8 SYSTEMPATH\CodeIgniter.php(366): CodeIgniter\CodeIgniter->handleRequest(null, Object(Config\Cache), false)
 9 FCPATH\index.php(67): CodeIgniter\CodeIgniter->run()
10 SYSTEMPATH\Commands\Server\rewrite.php(47): require_once('C:\\xampp\\htdocs\\ProjectApp\\public\\index.php')
CRITICAL - 2023-08-01 01:51:29 --> Undefined variable $events
in APPPATH\Views\landing_page.php on line 34.
 1 APPPATH\Views\landing_page.php(34): CodeIgniter\Debug\Exceptions->errorHandler(2, 'Undefined variable $events', 'C:\\xampp\\htdocs\\ProjectApp\\app\\Views\\landing_page.php', 34)
 2 SYSTEMPATH\View\View.php(224): include('C:\\xampp\\htdocs\\ProjectApp\\app\\Views\\landing_page.php')
 3 SYSTEMPATH\View\View.php(227): CodeIgniter\View\View->CodeIgniter\View\{closure}()
 4 SYSTEMPATH\Common.php(1180): CodeIgniter\View\View->render('landing_page', [], true)
 5 APPPATH\Controllers\Home.php(9): view('landing_page')
 6 SYSTEMPATH\CodeIgniter.php(932): App\Controllers\Home->index()
 7 SYSTEMPATH\CodeIgniter.php(497): CodeIgniter\CodeIgniter->runController(Object(App\Controllers\Home))
 8 SYSTEMPATH\CodeIgniter.php(366): CodeIgniter\CodeIgniter->handleRequest(null, Object(Config\Cache), false)
 9 FCPATH\index.php(67): CodeIgniter\CodeIgniter->run()
10 SYSTEMPATH\Commands\Server\rewrite.php(47): require_once('C:\\xampp\\htdocs\\ProjectApp\\public\\index.php')
CRITICAL - 2023-08-01 01:51:30 --> Undefined variable $events
in APPPATH\Views\landing_page.php on line 34.
 1 APPPATH\Views\landing_page.php(34): CodeIgniter\Debug\Exceptions->errorHandler(2, 'Undefined variable $events', 'C:\\xampp\\htdocs\\ProjectApp\\app\\Views\\landing_page.php', 34)
 2 SYSTEMPATH\View\View.php(224): include('C:\\xampp\\htdocs\\ProjectApp\\app\\Views\\landing_page.php')
 3 SYSTEMPATH\View\View.php(227): CodeIgniter\View\View->CodeIgniter\View\{closure}()
 4 SYSTEMPATH\Common.php(1180): CodeIgniter\View\View->render('landing_page', [], true)
 5 APPPATH\Controllers\Home.php(9): view('landing_page')
 6 SYSTEMPATH\CodeIgniter.php(932): App\Controllers\Home->index()
 7 SYSTEMPATH\CodeIgniter.php(497): CodeIgniter\CodeIgniter->runController(Object(App\Controllers\Home))
 8 SYSTEMPATH\CodeIgniter.php(366): CodeIgniter\CodeIgniter->handleRequest(null, Object(Config\Cache), false)
 9 FCPATH\index.php(67): CodeIgniter\CodeIgniter->run()
10 SYSTEMPATH\Commands\Server\rewrite.php(47): require_once('C:\\xampp\\htdocs\\ProjectApp\\public\\index.php')
CRITICAL - 2023-08-01 01:51:32 --> Undefined variable $events
in APPPATH\Views\landing_page.php on line 34.
 1 APPPATH\Views\landing_page.php(34): CodeIgniter\Debug\Exceptions->errorHandler(2, 'Undefined variable $events', 'C:\\xampp\\htdocs\\ProjectApp\\app\\Views\\landing_page.php', 34)
 2 SYSTEMPATH\View\View.php(224): include('C:\\xampp\\htdocs\\ProjectApp\\app\\Views\\landing_page.php')
 3 SYSTEMPATH\View\View.php(227): CodeIgniter\View\View->CodeIgniter\View\{closure}()
 4 SYSTEMPATH\Common.php(1180): CodeIgniter\View\View->render('landing_page', [], true)
 5 APPPATH\Controllers\Home.php(9): view('landing_page')
 6 SYSTEMPATH\CodeIgniter.php(932): App\Controllers\Home->index()
 7 SYSTEMPATH\CodeIgniter.php(497): CodeIgniter\CodeIgniter->runController(Object(App\Controllers\Home))
 8 SYSTEMPATH\CodeIgniter.php(366): CodeIgniter\CodeIgniter->handleRequest(null, Object(Config\Cache), false)
 9 FCPATH\index.php(67): CodeIgniter\CodeIgniter->run()
10 SYSTEMPATH\Commands\Server\rewrite.php(47): require_once('C:\\xampp\\htdocs\\ProjectApp\\public\\index.php')
CRITICAL - 2023-08-01 01:51:36 --> Undefined variable $events
in APPPATH\Views\landing_page.php on line 34.
 1 APPPATH\Views\landing_page.php(34): CodeIgniter\Debug\Exceptions->errorHandler(2, 'Undefined variable $events', 'C:\\xampp\\htdocs\\ProjectApp\\app\\Views\\landing_page.php', 34)
 2 SYSTEMPATH\View\View.php(224): include('C:\\xampp\\htdocs\\ProjectApp\\app\\Views\\landing_page.php')
 3 SYSTEMPATH\View\View.php(227): CodeIgniter\View\View->CodeIgniter\View\{closure}()
 4 SYSTEMPATH\Common.php(1180): CodeIgniter\View\View->render('landing_page', [], true)
 5 APPPATH\Controllers\Home.php(9): view('landing_page')
 6 SYSTEMPATH\CodeIgniter.php(932): App\Controllers\Home->index()
 7 SYSTEMPATH\CodeIgniter.php(497): CodeIgniter\CodeIgniter->runController(Object(App\Controllers\Home))
 8 SYSTEMPATH\CodeIgniter.php(366): CodeIgniter\CodeIgniter->handleRequest(null, Object(Config\Cache), false)
 9 FCPATH\index.php(67): CodeIgniter\CodeIgniter->run()
10 SYSTEMPATH\Commands\Server\rewrite.php(47): require_once('C:\\xampp\\htdocs\\ProjectApp\\public\\index.php')
CRITICAL - 2023-08-01 01:51:36 --> Undefined variable $events
in APPPATH\Views\landing_page.php on line 34.
 1 APPPATH\Views\landing_page.php(34): CodeIgniter\Debug\Exceptions->errorHandler(2, 'Undefined variable $events', 'C:\\xampp\\htdocs\\ProjectApp\\app\\Views\\landing_page.php', 34)
 2 SYSTEMPATH\View\View.php(224): include('C:\\xampp\\htdocs\\ProjectApp\\app\\Views\\landing_page.php')
 3 SYSTEMPATH\View\View.php(227): CodeIgniter\View\View->CodeIgniter\View\{closure}()
 4 SYSTEMPATH\Common.php(1180): CodeIgniter\View\View->render('landing_page', [], true)
 5 APPPATH\Controllers\Home.php(9): view('landing_page')
 6 SYSTEMPATH\CodeIgniter.php(932): App\Controllers\Home->index()
 7 SYSTEMPATH\CodeIgniter.php(497): CodeIgniter\CodeIgniter->runController(Object(App\Controllers\Home))
 8 SYSTEMPATH\CodeIgniter.php(366): CodeIgniter\CodeIgniter->handleRequest(null, Object(Config\Cache), false)
 9 FCPATH\index.php(67): CodeIgniter\CodeIgniter->run()
10 SYSTEMPATH\Commands\Server\rewrite.php(47): require_once('C:\\xampp\\htdocs\\ProjectApp\\public\\index.php')
CRITICAL - 2023-08-01 01:51:39 --> Undefined variable $events
in APPPATH\Views\landing_page.php on line 34.
 1 APPPATH\Views\landing_page.php(34): CodeIgniter\Debug\Exceptions->errorHandler(2, 'Undefined variable $events', 'C:\\xampp\\htdocs\\ProjectApp\\app\\Views\\landing_page.php', 34)
 2 SYSTEMPATH\View\View.php(224): include('C:\\xampp\\htdocs\\ProjectApp\\app\\Views\\landing_page.php')
 3 SYSTEMPATH\View\View.php(227): CodeIgniter\View\View->CodeIgniter\View\{closure}()
 4 SYSTEMPATH\Common.php(1180): CodeIgniter\View\View->render('landing_page', [], true)
 5 APPPATH\Controllers\Home.php(9): view('landing_page')
 6 SYSTEMPATH\CodeIgniter.php(932): App\Controllers\Home->index()
 7 SYSTEMPATH\CodeIgniter.php(497): CodeIgniter\CodeIgniter->runController(Object(App\Controllers\Home))
 8 SYSTEMPATH\CodeIgniter.php(366): CodeIgniter\CodeIgniter->handleRequest(null, Object(Config\Cache), false)
 9 FCPATH\index.php(67): CodeIgniter\CodeIgniter->run()
10 SYSTEMPATH\Commands\Server\rewrite.php(47): require_once('C:\\xampp\\htdocs\\ProjectApp\\public\\index.php')
CRITICAL - 2023-08-01 01:51:46 --> Undefined variable $events
in APPPATH\Views\landing_page.php on line 34.
 1 APPPATH\Views\landing_page.php(34): CodeIgniter\Debug\Exceptions->errorHandler(2, 'Undefined variable $events', 'C:\\xampp\\htdocs\\ProjectApp\\app\\Views\\landing_page.php', 34)
 2 SYSTEMPATH\View\View.php(224): include('C:\\xampp\\htdocs\\ProjectApp\\app\\Views\\landing_page.php')
 3 SYSTEMPATH\View\View.php(227): CodeIgniter\View\View->CodeIgniter\View\{closure}()
 4 SYSTEMPATH\Common.php(1180): CodeIgniter\View\View->render('landing_page', [], true)
 5 APPPATH\Controllers\Home.php(9): view('landing_page')
 6 SYSTEMPATH\CodeIgniter.php(932): App\Controllers\Home->index()
 7 SYSTEMPATH\CodeIgniter.php(497): CodeIgniter\CodeIgniter->runController(Object(App\Controllers\Home))
 8 SYSTEMPATH\CodeIgniter.php(366): CodeIgniter\CodeIgniter->handleRequest(null, Object(Config\Cache), false)
 9 FCPATH\index.php(67): CodeIgniter\CodeIgniter->run()
10 SYSTEMPATH\Commands\Server\rewrite.php(47): require_once('C:\\xampp\\htdocs\\ProjectApp\\public\\index.php')
CRITICAL - 2023-08-01 01:51:59 --> Undefined variable $events
in APPPATH\Views\landing_page.php on line 34.
 1 APPPATH\Views\landing_page.php(34): CodeIgniter\Debug\Exceptions->errorHandler(2, 'Undefined variable $events', 'C:\\xampp\\htdocs\\ProjectApp\\app\\Views\\landing_page.php', 34)
 2 SYSTEMPATH\View\View.php(224): include('C:\\xampp\\htdocs\\ProjectApp\\app\\Views\\landing_page.php')
 3 SYSTEMPATH\View\View.php(227): CodeIgniter\View\View->CodeIgniter\View\{closure}()
 4 SYSTEMPATH\Common.php(1180): CodeIgniter\View\View->render('landing_page', [], true)
 5 APPPATH\Controllers\Home.php(9): view('landing_page')
 6 SYSTEMPATH\CodeIgniter.php(932): App\Controllers\Home->index()
 7 SYSTEMPATH\CodeIgniter.php(497): CodeIgniter\CodeIgniter->runController(Object(App\Controllers\Home))
 8 SYSTEMPATH\CodeIgniter.php(366): CodeIgniter\CodeIgniter->handleRequest(null, Object(Config\Cache), false)
 9 FCPATH\index.php(67): CodeIgniter\CodeIgniter->run()
10 SYSTEMPATH\Commands\Server\rewrite.php(47): require_once('C:\\xampp\\htdocs\\ProjectApp\\public\\index.php')
CRITICAL - 2023-08-01 01:52:01 --> Undefined variable $events
in APPPATH\Views\landing_page.php on line 34.
 1 APPPATH\Views\landing_page.php(34): CodeIgniter\Debug\Exceptions->errorHandler(2, 'Undefined variable $events', 'C:\\xampp\\htdocs\\ProjectApp\\app\\Views\\landing_page.php', 34)
 2 SYSTEMPATH\View\View.php(224): include('C:\\xampp\\htdocs\\ProjectApp\\app\\Views\\landing_page.php')
 3 SYSTEMPATH\View\View.php(227): CodeIgniter\View\View->CodeIgniter\View\{closure}()
 4 SYSTEMPATH\Common.php(1180): CodeIgniter\View\View->render('landing_page', [], true)
 5 APPPATH\Controllers\Home.php(9): view('landing_page')
 6 SYSTEMPATH\CodeIgniter.php(932): App\Controllers\Home->index()
 7 SYSTEMPATH\CodeIgniter.php(497): CodeIgniter\CodeIgniter->runController(Object(App\Controllers\Home))
 8 SYSTEMPATH\CodeIgniter.php(366): CodeIgniter\CodeIgniter->handleRequest(null, Object(Config\Cache), false)
 9 FCPATH\index.php(67): CodeIgniter\CodeIgniter->run()
10 SYSTEMPATH\Commands\Server\rewrite.php(47): require_once('C:\\xampp\\htdocs\\ProjectApp\\public\\index.php')
CRITICAL - 2023-08-01 01:52:07 --> Undefined variable $events
in APPPATH\Views\landing_page.php on line 34.
 1 APPPATH\Views\landing_page.php(34): CodeIgniter\Debug\Exceptions->errorHandler(2, 'Undefined variable $events', 'C:\\xampp\\htdocs\\ProjectApp\\app\\Views\\landing_page.php', 34)
 2 SYSTEMPATH\View\View.php(224): include('C:\\xampp\\htdocs\\ProjectApp\\app\\Views\\landing_page.php')
 3 SYSTEMPATH\View\View.php(227): CodeIgniter\View\View->CodeIgniter\View\{closure}()
 4 SYSTEMPATH\Common.php(1180): CodeIgniter\View\View->render('landing_page', [], true)
 5 APPPATH\Controllers\Home.php(9): view('landing_page')
 6 SYSTEMPATH\CodeIgniter.php(932): App\Controllers\Home->index()
 7 SYSTEMPATH\CodeIgniter.php(497): CodeIgniter\CodeIgniter->runController(Object(App\Controllers\Home))
 8 SYSTEMPATH\CodeIgniter.php(366): CodeIgniter\CodeIgniter->handleRequest(null, Object(Config\Cache), false)
 9 FCPATH\index.php(67): CodeIgniter\CodeIgniter->run()
10 SYSTEMPATH\Commands\Server\rewrite.php(47): require_once('C:\\xampp\\htdocs\\ProjectApp\\public\\index.php')
CRITICAL - 2023-08-01 01:52:08 --> Undefined variable $events
in APPPATH\Views\landing_page.php on line 34.
 1 APPPATH\Views\landing_page.php(34): CodeIgniter\Debug\Exceptions->errorHandler(2, 'Undefined variable $events', 'C:\\xampp\\htdocs\\ProjectApp\\app\\Views\\landing_page.php', 34)
 2 SYSTEMPATH\View\View.php(224): include('C:\\xampp\\htdocs\\ProjectApp\\app\\Views\\landing_page.php')
 3 SYSTEMPATH\View\View.php(227): CodeIgniter\View\View->CodeIgniter\View\{closure}()
 4 SYSTEMPATH\Common.php(1180): CodeIgniter\View\View->render('landing_page', [], true)
 5 APPPATH\Controllers\Home.php(9): view('landing_page')
 6 SYSTEMPATH\CodeIgniter.php(932): App\Controllers\Home->index()
 7 SYSTEMPATH\CodeIgniter.php(497): CodeIgniter\CodeIgniter->runController(Object(App\Controllers\Home))
 8 SYSTEMPATH\CodeIgniter.php(366): CodeIgniter\CodeIgniter->handleRequest(null, Object(Config\Cache), false)
 9 FCPATH\index.php(67): CodeIgniter\CodeIgniter->run()
10 SYSTEMPATH\Commands\Server\rewrite.php(47): require_once('C:\\xampp\\htdocs\\ProjectApp\\public\\index.php')
CRITICAL - 2023-08-01 01:52:12 --> Undefined variable $events
in APPPATH\Views\landing_page.php on line 34.
 1 APPPATH\Views\landing_page.php(34): CodeIgniter\Debug\Exceptions->errorHandler(2, 'Undefined variable $events', 'C:\\xampp\\htdocs\\ProjectApp\\app\\Views\\landing_page.php', 34)
 2 SYSTEMPATH\View\View.php(224): include('C:\\xampp\\htdocs\\ProjectApp\\app\\Views\\landing_page.php')
 3 SYSTEMPATH\View\View.php(227): CodeIgniter\View\View->CodeIgniter\View\{closure}()
 4 SYSTEMPATH\Common.php(1180): CodeIgniter\View\View->render('landing_page', [], true)
 5 APPPATH\Controllers\Home.php(9): view('landing_page')
 6 SYSTEMPATH\CodeIgniter.php(932): App\Controllers\Home->index()
 7 SYSTEMPATH\CodeIgniter.php(497): CodeIgniter\CodeIgniter->runController(Object(App\Controllers\Home))
 8 SYSTEMPATH\CodeIgniter.php(366): CodeIgniter\CodeIgniter->handleRequest(null, Object(Config\Cache), false)
 9 FCPATH\index.php(67): CodeIgniter\CodeIgniter->run()
10 SYSTEMPATH\Commands\Server\rewrite.php(47): require_once('C:\\xampp\\htdocs\\ProjectApp\\public\\index.php')
CRITICAL - 2023-08-01 01:52:43 --> Invalid file: "himapsi.php"
in SYSTEMPATH\Exceptions\FrameworkException.php on line 33.
 1 SYSTEMPATH\View\View.php(212): CodeIgniter\Exceptions\FrameworkException::forInvalidFile('himapsi.php')
 2 SYSTEMPATH\Common.php(1180): CodeIgniter\View\View->render('himapsi', [], true)
 3 APPPATH\Controllers\HimapsiController.php(20): view('himapsi', [...])
 4 SYSTEMPATH\CodeIgniter.php(932): App\Controllers\HimapsiController->index()
 5 SYSTEMPATH\CodeIgniter.php(497): CodeIgniter\CodeIgniter->runController(Object(App\Controllers\HimapsiController))
 6 SYSTEMPATH\CodeIgniter.php(366): CodeIgniter\CodeIgniter->handleRequest(null, Object(Config\Cache), false)
 7 FCPATH\index.php(67): CodeIgniter\CodeIgniter->run()
 8 SYSTEMPATH\Commands\Server\rewrite.php(47): require_once('C:\\xampp\\htdocs\\ProjectApp\\public\\index.php')
CRITICAL - 2023-08-01 01:53:05 --> Invalid file: "himapsi.php"
in SYSTEMPATH\Exceptions\FrameworkException.php on line 33.
 1 SYSTEMPATH\View\View.php(212): CodeIgniter\Exceptions\FrameworkException::forInvalidFile('himapsi.php')
 2 SYSTEMPATH\Common.php(1180): CodeIgniter\View\View->render('himapsi', [], true)
 3 APPPATH\Controllers\HimapsiController.php(20): view('himapsi', [...])
 4 SYSTEMPATH\CodeIgniter.php(932): App\Controllers\HimapsiController->index()
 5 SYSTEMPATH\CodeIgniter.php(497): CodeIgniter\CodeIgniter->runController(Object(App\Controllers\HimapsiController))
 6 SYSTEMPATH\CodeIgniter.php(366): CodeIgniter\CodeIgniter->handleRequest(null, Object(Config\Cache), false)
 7 FCPATH\index.php(67): CodeIgniter\CodeIgniter->run()
 8 SYSTEMPATH\Commands\Server\rewrite.php(47): require_once('C:\\xampp\\htdocs\\ProjectApp\\public\\index.php')
CRITICAL - 2023-08-01 01:53:41 --> Invalid file: "himapsi.php"
in SYSTEMPATH\Exceptions\FrameworkException.php on line 33.
 1 SYSTEMPATH\View\View.php(212): CodeIgniter\Exceptions\FrameworkException::forInvalidFile('himapsi.php')
 2 SYSTEMPATH\Common.php(1180): CodeIgniter\View\View->render('himapsi', [], true)
 3 APPPATH\Controllers\HimapsiController.php(20): view('himapsi', [...])
 4 SYSTEMPATH\CodeIgniter.php(932): App\Controllers\HimapsiController->index()
 5 SYSTEMPATH\CodeIgniter.php(497): CodeIgniter\CodeIgniter->runController(Object(App\Controllers\HimapsiController))
 6 SYSTEMPATH\CodeIgniter.php(366): CodeIgniter\CodeIgniter->handleRequest(null, Object(Config\Cache), false)
 7 FCPATH\index.php(67): CodeIgniter\CodeIgniter->run()
 8 SYSTEMPATH\Commands\Server\rewrite.php(47): require_once('C:\\xampp\\htdocs\\ProjectApp\\public\\index.php')
CRITICAL - 2023-08-01 01:53:56 --> Invalid file: "himapsi.php"
in SYSTEMPATH\Exceptions\FrameworkException.php on line 33.
 1 SYSTEMPATH\View\View.php(212): CodeIgniter\Exceptions\FrameworkException::forInvalidFile('himapsi.php')
 2 SYSTEMPATH\Common.php(1180): CodeIgniter\View\View->render('himapsi', [], true)
 3 APPPATH\Controllers\HimapsiController.php(20): view('himapsi', [...])
 4 SYSTEMPATH\CodeIgniter.php(932): App\Controllers\HimapsiController->index()
 5 SYSTEMPATH\CodeIgniter.php(497): CodeIgniter\CodeIgniter->runController(Object(App\Controllers\HimapsiController))
 6 SYSTEMPATH\CodeIgniter.php(366): CodeIgniter\CodeIgniter->handleRequest(null, Object(Config\Cache), false)
 7 FCPATH\index.php(67): CodeIgniter\CodeIgniter->run()
 8 SYSTEMPATH\Commands\Server\rewrite.php(47): require_once('C:\\xampp\\htdocs\\ProjectApp\\public\\index.php')
CRITICAL - 2023-08-01 01:55:29 --> Invalid file: "himapsi.php"
in SYSTEMPATH\Exceptions\FrameworkException.php on line 33.
 1 SYSTEMPATH\View\View.php(212): CodeIgniter\Exceptions\FrameworkException::forInvalidFile('himapsi.php')
 2 SYSTEMPATH\Common.php(1180): CodeIgniter\View\View->render('himapsi', [], true)
 3 APPPATH\Controllers\HimapsiController.php(20): view('himapsi', [...])
 4 SYSTEMPATH\CodeIgniter.php(932): App\Controllers\HimapsiController->index()
 5 SYSTEMPATH\CodeIgniter.php(497): CodeIgniter\CodeIgniter->runController(Object(App\Controllers\HimapsiController))
 6 SYSTEMPATH\CodeIgniter.php(366): CodeIgniter\CodeIgniter->handleRequest(null, Object(Config\Cache), false)
 7 FCPATH\index.php(67): CodeIgniter\CodeIgniter->run()
 8 SYSTEMPATH\Commands\Server\rewrite.php(47): require_once('C:\\xampp\\htdocs\\ProjectApp\\public\\index.php')
CRITICAL - 2023-08-01 01:55:38 --> Invalid file: "himapsi.php"
in SYSTEMPATH\Exceptions\FrameworkException.php on line 33.
 1 SYSTEMPATH\View\View.php(212): CodeIgniter\Exceptions\FrameworkException::forInvalidFile('himapsi.php')
 2 SYSTEMPATH\Common.php(1180): CodeIgniter\View\View->render('himapsi', [], true)
 3 APPPATH\Controllers\HimapsiController.php(20): view('himapsi', [...])
 4 SYSTEMPATH\CodeIgniter.php(932): App\Controllers\HimapsiController->index()
 5 SYSTEMPATH\CodeIgniter.php(497): CodeIgniter\CodeIgniter->runController(Object(App\Controllers\HimapsiController))
 6 SYSTEMPATH\CodeIgniter.php(366): CodeIgniter\CodeIgniter->handleRequest(null, Object(Config\Cache), false)
 7 FCPATH\index.php(67): CodeIgniter\CodeIgniter->run()
 8 SYSTEMPATH\Commands\Server\rewrite.php(47): require_once('C:\\xampp\\htdocs\\ProjectApp\\public\\index.php')
CRITICAL - 2023-08-01 01:55:48 --> Invalid file: "himapsi.php"
in SYSTEMPATH\Exceptions\FrameworkException.php on line 33.
 1 SYSTEMPATH\View\View.php(212): CodeIgniter\Exceptions\FrameworkException::forInvalidFile('himapsi.php')
 2 SYSTEMPATH\Common.php(1180): CodeIgniter\View\View->render('himapsi', [], true)
 3 APPPATH\Controllers\HimapsiController.php(20): view('himapsi', [...])
 4 SYSTEMPATH\CodeIgniter.php(932): App\Controllers\HimapsiController->index()
 5 SYSTEMPATH\CodeIgniter.php(497): CodeIgniter\CodeIgniter->runController(Object(App\Controllers\HimapsiController))
 6 SYSTEMPATH\CodeIgniter.php(366): CodeIgniter\CodeIgniter->handleRequest(null, Object(Config\Cache), false)
 7 FCPATH\index.php(67): CodeIgniter\CodeIgniter->run()
 8 SYSTEMPATH\Commands\Server\rewrite.php(47): require_once('C:\\xampp\\htdocs\\ProjectApp\\public\\index.php')
